<?xml version="1.0" encoding="UTF-8"?>
<testsuite name="service.AuthenticationServiceTest" tests="2" skipped="0" failures="0" errors="0" timestamp="2020-11-25T23:44:58" hostname="DESKTOP-MF5D686" time="0.074">
  <properties/>
  <testcase name="register" classname="service.AuthenticationServiceTest" time="0.05"/>
  <testcase name="login" classname="service.AuthenticationServiceTest" time="0.023"/>
  <system-out><![CDATA[]]></system-out>
  <system-err><![CDATA[]]></system-err>
</testsuite>
